[20-Jun-2024 08:27:16 UTC] [{"id":"50","userId":"43","full_name":"","stage_name":"comedian_utsab","phone":"9862506862","address":"Kuntadevi","category_id":"2","bio":"my bio","profile_picture":"uploads\/profile_pictures\/43_1718777301_667275d5733d4.jpg","description":"Are you comedy me?","rating":0,"social_media_links":[]}]
[20-Jun-2024 08:28:17 UTC] [{"id":"50","userId":"43","full_name":"","stage_name":"comedian_utsab","phone":"9862506862","address":"Kuntadevi","category_id":"2","bio":"my bio","profile_picture":"uploads\/profile_pictures\/43_1718777301_667275d5733d4.jpg","description":"Are you comedy me?","rating":0,"social_media_links":[]}]
[20-Jun-2024 08:29:34 UTC] [{"id":"50","userId":"43","full_name":"","stage_name":"comedian_utsab","phone":"9862506862","address":"Kuntadevi","category_id":"2","bio":"my bio","profile_picture":"uploads\/profile_pictures\/43_1718777301_667275d5733d4.jpg","description":"Are you comedy me?","rating":0,"social_media_links":[{"id":48,"artist_id":43,"platform_id":1,"url":"www.facebook.com\/utsab","platform_name":"Facebook","platform_icon":"fa-brands fa-facebook"}]}]
[20-Jun-2024 08:29:37 UTC] [{"id":"50","userId":"43","full_name":"","stage_name":"comedian_utsab","phone":"9862506862","address":"Kuntadevi","category_id":"2","bio":"my bio","profile_picture":"uploads\/profile_pictures\/43_1718777301_667275d5733d4.jpg","description":"Are you comedy me?","rating":0,"social_media_links":[{"id":48,"artist_id":43,"platform_id":1,"url":"www.facebook.com\/utsab","platform_name":"Facebook","platform_icon":"fa-brands fa-facebook"}]}]
[20-Jun-2024 08:32:31 UTC] [{"id":"50","userId":"43","full_name":"","stage_name":"comedian_utsab","phone":"9862506862","address":"Kuntadevi","category_id":"2","bio":"my bio","profile_picture":"uploads\/profile_pictures\/43_1718777301_667275d5733d4.jpg","description":"Are you comedy me?","rating":0,"social_media_links":[{"id":48,"artist_id":43,"platform_id":1,"url":"www.facebook.com\/utsab","platform_name":"Facebook","platform_icon":"fa-brands fa-facebook"}]}]
[21-Jun-2024 00:53:29 UTC] PHP Warning:  Undefined array key "rating" in C:\xampp\htdocs\OpenMicHub\app\validator\CommentValidator.php on line 22
[21-Jun-2024 00:55:07 UTC] PHP Warning:  Undefined array key "rating" in C:\xampp\htdocs\OpenMicHub\app\validator\CommentValidator.php on line 22
[21-Jun-2024 01:08:04 UTC] PHP Warning:  Undefined array key "rating" in C:\xampp\htdocs\OpenMicHub\app\validator\CommentValidator.php on line 22
[21-Jun-2024 01:13:33 UTC] PHP Warning:  Undefined array key "rating" in C:\xampp\htdocs\OpenMicHub\app\validator\CommentValidator.php on line 22
[21-Jun-2024 01:31:30 UTC] PHP Fatal error:  Uncaught TypeError: http_response_code(): Argument #1 ($response_code) must be of type int, array given in C:\xampp\htdocs\OpenMicHub\app\response\APIResponse.php:33
Stack trace:
#0 C:\xampp\htdocs\OpenMicHub\app\response\APIResponse.php(33): http_response_code()
#1 C:\xampp\htdocs\OpenMicHub\app\response\APIResponse.php(27): app\response\APIResponse::sendResponse()
#2 C:\xampp\htdocs\OpenMicHub\app\controllers\CommentController.php(43): app\response\APIResponse::error()
#3 [internal function]: app\controllers\CommentController->postComment()
#4 C:\xampp\htdocs\OpenMicHub\app\Router.php(81): call_user_func_array()
#5 C:\xampp\htdocs\OpenMicHub\app\Routes.php(231): app\Router->run()
#6 C:\xampp\htdocs\OpenMicHub\public\index.php(14): require_once('...')
#7 {main}
  thrown in C:\xampp\htdocs\OpenMicHub\app\response\APIResponse.php on line 33
[21-Jun-2024 01:31:45 UTC] PHP Fatal error:  Uncaught TypeError: http_response_code(): Argument #1 ($response_code) must be of type int, array given in C:\xampp\htdocs\OpenMicHub\app\response\APIResponse.php:33
Stack trace:
#0 C:\xampp\htdocs\OpenMicHub\app\response\APIResponse.php(33): http_response_code()
#1 C:\xampp\htdocs\OpenMicHub\app\response\APIResponse.php(27): app\response\APIResponse::sendResponse()
#2 C:\xampp\htdocs\OpenMicHub\app\controllers\CommentController.php(43): app\response\APIResponse::error()
#3 [internal function]: app\controllers\CommentController->postComment()
#4 C:\xampp\htdocs\OpenMicHub\app\Router.php(81): call_user_func_array()
#5 C:\xampp\htdocs\OpenMicHub\app\Routes.php(231): app\Router->run()
#6 C:\xampp\htdocs\OpenMicHub\public\index.php(14): require_once('...')
#7 {main}
  thrown in C:\xampp\htdocs\OpenMicHub\app\response\APIResponse.php on line 33
[21-Jun-2024 02:16:03 UTC] PHP Warning:  Undefined array key "user_id" in C:\xampp\htdocs\OpenMicHub\app\controllers\CommentController.php on line 56
