To Email: "dlutsab2120@yopmail.com"
To Name: "Utsab"
Subject: "Test async"
Message: "Test"
From User Name: "Open Mic HUb"
To Email: "dlutsab2120@yopmail.com"
To Name: "Utsab"
Subject: "Test async"
Message: "Test"
From User Name: "Open Mic HUb"
To Email: "dlutsab2120@yopmail.com"
To Name: "Utsab"
Subject: "Test async"
Message: "Test"
From User Name: "Open Mic HUb"
To Email: "dlutsab2120@yopmail.com"
To Name: "Utsab"
Subject: "Test async"
Message: "Test"
From User Name: "Open Mic HUb"
To Email: "dlutsab2120@yopmail.com"
To Name: "Utsab"
Subject: "Test async"
Message: "Test"
From User Name: "Open Mic HUb"
To Email: "dlutsab2120@yopmail.com"
To Name: "Utsab"
Subject: "Test async"
Message: "Test"
From User Name: "Open Mic HUb"
To Email: "dlutsab2120@yopmail.com"
To Name: "Utsab"
Subject: "Test async"
Message: "Test"
From User Name: "Open Mic HUb"
To Email: dlutsab2120@yopmail.com
To Name: Utsab
Subject: Test async
Message: Test
From User Name: Open Mic HUb
To Email: "dlutsab2120@yopmail.com"
To Name: "Utsab"
Subject: "Test async"
Message: "Test"
From User Name: "Open Mic HUb"
To Email: "dlutsab2120@yopmail.com"
To Name: "Utsab"
Subject: "Test async"
Message: "Test"
From User Name: "Open Mic HUb"
To Email: "dlutsab2120@yopmail.com"
To Name: "Utsab"
Subject: "Test async"
Message: "Test"
From User Name: "Open Mic HUb"
To Email: dlutsab2120@yopmail.com
To Name: Utsab
Subject: Test async
Message: Test
From User Name: Open Mic HUb
To Email: "dlutsab2120@yopmail.com"
To Name: "Utsab"
Subject: "Test async"
Message: "Test"
From User Name: "Open Mic HUb"
To Email: dlutsab2120@yopmail.com
To Name: Utsab
Subject: Test async
Message: Test
From User Name: Open Mic HUb
To Email: "dlutsab2120@yopmail.com"
To Name: "Utsab"
Subject: "Test async"
Message: "Test"
From User Name: "Open Mic HUb"
To Email: dlutsab2120@yopmail.com
To Name: Utsab
Subject: Test async
Message: Test
From User Name: Open Mic HUb
To Email: "dlutsab2120@yopmail.com"
To Name: "Utsab"
Subject: "Test async"
Message: "Test"
From User Name: "Open Mic HUb"
To Email: dlutsab2120@yopmail.com
To Name: Utsab
Subject: Test async
Message: Test
From User Name: Open Mic HUb
To Email: "dlutsab2120@yopmail.com"
To Name: "Utsab"
Subject: "Test async"
Message: "Test"
From User Name: "Open Mic HUb"
To Email: "dlutsab2120@yopmail.com"
To Name: "Utsab"
Subject: "Test async"
Message: "Test"
From User Name: "Open Mic HUb"
To Email: "dlutsab2120@yopmail.com"
To Name: "Utsab"
Subject: "Test async"
Message: "Test"
From User Name: "Open Mic HUb"
To Email: dlutsab2120@yopmail.com
To Name: Utsab
Subject: Test async
Message: Test
From User Name: Open Mic HUb
To Email: "dlutsab2120@yopmail.com"
To Name: "Utsab"
Subject: "Test async"
Message: "Test"
From User Name: "Open Mic HUb"
To Email: dlutsab2120@yopmail.com
To Name: Utsab
Subject: Test async
Message: Test
From User Name: Open Mic HUb
To Email: "dlutsab2120@yopmail.com"
To Name: "Utsab"
Subject: "Test async"
Message: "Test"
From User Name: "Open Mic HUb"
To Email: dlutsab2120@yopmail.com
To Name: Utsab
Subject: Test async
Message: Test
From User Name: Open Mic HUb
To Email: "dlutsab2120@yopmail.com"
To Name: "Utsab"
Subject: "Test async"
Message: "Test"
From User Name: "Open Mic HUb"
To Email: dlutsab2120@yopmail.com
To Name: Utsab
Subject: Test async
Message: Test
From User Name: Open Mic HUb
To Email: "dlutsab2120@yopmail.com"
To Name: "Utsab"
Subject: "Test async"
Message: "Test"
From User Name: "Open Mic HUb"
To Email: dlutsab2120@yopmail.com
To Name: Utsab
Subject: Test async
Message: Test
From User Name: Open Mic HUb
To Email: "dlutsab2120@yopmail.com"
To Name: "Utsab"
Subject: "Test async"
Message: "Test"
From User Name: "Open Mic HUb"
To Email: dlutsab2120@yopmail.com
To Name: Utsab
Subject: Test async
Message: Test
From User Name: Open Mic HUb
To Email: "dlutsab2120@yopmail.com"
To Name: "Utsab"
Subject: "Test async"
Message: "Test booking mail"
From User Name: "Open Mic HUb"
To Email: dlutsab2120@yopmail.com
To Name: Utsab
Subject: Test async
Message: Test booking mail
From User Name: Open Mic HUb
